# Logfile created on Mon Jan 11 11:50:42 +0100 2010  [4;36;1mSQL (0.1ms)[0m   [0;1mSET NAMES 'utf8'[0m
  [4;35;1mSQL (0.1ms)[0m   [0mSET SQL_AUTO_IS_NULL=0[0m
  [4;36;1mSQL (0.1ms)[0m   [0;1mBEGIN[0m
  [4;35;1mUser Columns (1.6ms)[0m   [0mSHOW FIELDS FROM `users`[0m
  [4;36;1mSQL (0.1ms)[0m   [0;1mSAVEPOINT active_record_1[0m
  [4;35;1mUser Create (0.3ms)[0m   [0mINSERT INTO `users` (`name`, `created_at`, `updated_at`, `username`, `location_id`) VALUES(' Arco', '2010-01-11 10:52:29', '2010-01-11 10:52:29', NULL, NULL)[0m
  [4;36;1mSQL (0.1ms)[0m   [0;1mRELEASE SAVEPOINT active_record_1[0m
  [4;35;1mSQL (0.1ms)[0m   [0mSAVEPOINT active_record_1[0m
  [4;36;1mUser Create (0.3ms)[0m   [0;1mINSERT INTO `users` (`name`, `created_at`, `updated_at`, `username`, `location_id`) VALUES('Michiel', '2010-01-11 10:52:29', '2010-01-11 10:52:29', NULL, NULL)[0m
  [4;35;1mSQL (0.1ms)[0m   [0mRELEASE SAVEPOINT active_record_1[0m
  [4;36;1mSQL (0.7ms)[0m   [0;1mROLLBACK[0m
  [4;36;1mSQL (0.1ms)[0m   [0;1mSET NAMES 'utf8'[0m
  [4;35;1mSQL (0.1ms)[0m   [0mSET SQL_AUTO_IS_NULL=0[0m
  [4;36;1mSQL (0.1ms)[0m   [0;1mBEGIN[0m
  [4;35;1mUser Columns (1.3ms)[0m   [0mSHOW FIELDS FROM `users`[0m
  [4;36;1mSQL (0.1ms)[0m   [0;1mSAVEPOINT active_record_1[0m
  [4;35;1mUser Create (0.3ms)[0m   [0mINSERT INTO `users` (`name`, `created_at`, `updated_at`, `username`, `location_id`) VALUES(' Arco', '2010-01-11 10:54:36', '2010-01-11 10:54:36', NULL, NULL)[0m
  [4;36;1mSQL (0.2ms)[0m   [0;1mRELEASE SAVEPOINT active_record_1[0m
  [4;35;1mSQL (0.1ms)[0m   [0mSAVEPOINT active_record_1[0m
  [4;36;1mUser Create (0.2ms)[0m   [0;1mINSERT INTO `users` (`name`, `created_at`, `updated_at`, `username`, `location_id`) VALUES('Michiel', '2010-01-11 10:54:36', '2010-01-11 10:54:36', NULL, NULL)[0m
  [4;35;1mSQL (0.1ms)[0m   [0mRELEASE SAVEPOINT active_record_1[0m
  [4;36;1mSQL (0.6ms)[0m   [0;1mROLLBACK[0m
  [4;36;1mSQL (0.1ms)[0m   [0;1mSET NAMES 'utf8'[0m
  [4;35;1mSQL (0.1ms)[0m   [0mSET SQL_AUTO_IS_NULL=0[0m
  [4;36;1mSQL (0.1ms)[0m   [0;1mBEGIN[0m
  [4;35;1mUser Columns (9.9ms)[0m   [0mSHOW FIELDS FROM `users`[0m
  [4;36;1mSQL (3.4ms)[0m   [0;1mSAVEPOINT active_record_1[0m
  [4;35;1mUser Create (0.3ms)[0m   [0mINSERT INTO `users` (`name`, `created_at`, `updated_at`, `username`, `location_id`) VALUES(' Arco', '2010-01-11 10:57:48', '2010-01-11 10:57:48', NULL, NULL)[0m
  [4;36;1mSQL (0.1ms)[0m   [0;1mRELEASE SAVEPOINT active_record_1[0m
  [4;35;1mSQL (0.1ms)[0m   [0mSAVEPOINT active_record_1[0m
  [4;36;1mUser Create (0.2ms)[0m   [0;1mINSERT INTO `users` (`name`, `created_at`, `updated_at`, `username`, `location_id`) VALUES('Michiel', '2010-01-11 10:57:48', '2010-01-11 10:57:48', NULL, NULL)[0m
  [4;35;1mSQL (0.1ms)[0m   [0mRELEASE SAVEPOINT active_record_1[0m
REQUESTING PAGE: GET /users with {} and HTTP headers {}


Processing UsersController#index (for 127.0.0.1 at 2010-01-11 11:57:48) [GET]
  [4;36;1mUser Load (0.4ms)[0m   [0;1mSELECT * FROM `users` [0m
Rendering template within layouts/users
Rendering users/index
Completed in 26ms (View: 22, DB: 15) | 200 OK [http://www.example.com/users]
  [4;35;1mSQL (26.2ms)[0m   [0mROLLBACK[0m
  [4;36;1mSQL (0.1ms)[0m   [0;1mSET NAMES 'utf8'[0m
  [4;35;1mSQL (0.1ms)[0m   [0mSET SQL_AUTO_IS_NULL=0[0m
  [4;36;1mSQL (0.1ms)[0m   [0;1mBEGIN[0m
  [4;35;1mSQL (0.1ms)[0m   [0mROLLBACK[0m
  [4;36;1mSQL (0.1ms)[0m   [0;1mBEGIN[0m
  [4;35;1mUser Columns (2.6ms)[0m   [0mSHOW FIELDS FROM `users`[0m
  [4;36;1mSQL (0.1ms)[0m   [0;1mSAVEPOINT active_record_1[0m
  [4;35;1mUser Create (0.3ms)[0m   [0mINSERT INTO `users` (`name`, `created_at`, `updated_at`, `username`, `location_id`) VALUES(' Arco', '2010-01-11 11:19:51', '2010-01-11 11:19:51', NULL, NULL)[0m
  [4;36;1mSQL (0.1ms)[0m   [0;1mRELEASE SAVEPOINT active_record_1[0m
  [4;35;1mSQL (0.1ms)[0m   [0mSAVEPOINT active_record_1[0m
  [4;36;1mUser Create (0.1ms)[0m   [0;1mINSERT INTO `users` (`name`, `created_at`, `updated_at`, `username`, `location_id`) VALUES('Michiel', '2010-01-11 11:19:51', '2010-01-11 11:19:51', NULL, NULL)[0m
  [4;35;1mSQL (0.1ms)[0m   [0mRELEASE SAVEPOINT active_record_1[0m
REQUESTING PAGE: GET /users with {} and HTTP headers {}


Processing UsersController#index (for 127.0.0.1 at 2010-01-11 12:19:51) [GET]
  [4;36;1mUser Load (0.4ms)[0m   [0;1mSELECT * FROM `users` [0m
Rendering template within layouts/users
Rendering users/index
Completed in 41ms (View: 38, DB: 4) | 200 OK [http://www.example.com/users]
  [4;35;1mSQL (0.8ms)[0m   [0mROLLBACK[0m
  [4;36;1mSQL (0.1ms)[0m   [0;1mSET NAMES 'utf8'[0m
  [4;35;1mSQL (0.1ms)[0m   [0mSET SQL_AUTO_IS_NULL=0[0m
  [4;36;1mSQL (0.1ms)[0m   [0;1mBEGIN[0m
  [4;35;1mLocation Columns (1.6ms)[0m   [0mSHOW FIELDS FROM `locations`[0m
  [4;36;1mSQL (0.1ms)[0m   [0;1mSAVEPOINT active_record_1[0m
  [4;35;1mLocation Create (0.5ms)[0m   [0mINSERT INTO `locations` (`name`, `distanceto_zoetemeer`, `created_at`, `updated_at`, `distanceto_denhaag`) VALUES('Arco - Lopikerweg', NULL, '2010-01-11 11:22:11', '2010-01-11 11:22:11', NULL)[0m
  [4;36;1mSQL (0.1ms)[0m   [0;1mRELEASE SAVEPOINT active_record_1[0m
  [4;35;1mSQL (0.1ms)[0m   [0mSAVEPOINT active_record_1[0m
  [4;36;1mLocation Create (0.3ms)[0m   [0;1mINSERT INTO `locations` (`name`, `distanceto_zoetemeer`, `created_at`, `updated_at`, `distanceto_denhaag`) VALUES('Arco - Jan van Aemstelstraat', NULL, '2010-01-11 11:22:11', '2010-01-11 11:22:11', NULL)[0m
  [4;35;1mSQL (0.1ms)[0m   [0mRELEASE SAVEPOINT active_record_1[0m
  [4;36;1mSQL (0.7ms)[0m   [0;1mROLLBACK[0m
  [4;35;1mSQL (0.1ms)[0m   [0mBEGIN[0m
  [4;36;1mUser Columns (1.3ms)[0m   [0;1mSHOW FIELDS FROM `users`[0m
  [4;35;1mSQL (0.1ms)[0m   [0mSAVEPOINT active_record_1[0m
  [4;36;1mUser Create (0.2ms)[0m   [0;1mINSERT INTO `users` (`name`, `created_at`, `updated_at`, `username`, `location_id`) VALUES(' Arco', '2010-01-11 11:22:11', '2010-01-11 11:22:11', NULL, NULL)[0m
  [4;35;1mSQL (0.1ms)[0m   [0mRELEASE SAVEPOINT active_record_1[0m
  [4;36;1mSQL (0.1ms)[0m   [0;1mSAVEPOINT active_record_1[0m
  [4;35;1mUser Create (0.2ms)[0m   [0mINSERT INTO `users` (`name`, `created_at`, `updated_at`, `username`, `location_id`) VALUES('Michiel', '2010-01-11 11:22:11', '2010-01-11 11:22:11', NULL, NULL)[0m
  [4;36;1mSQL (0.1ms)[0m   [0;1mRELEASE SAVEPOINT active_record_1[0m
REQUESTING PAGE: GET /users with {} and HTTP headers {}


Processing UsersController#index (for 127.0.0.1 at 2010-01-11 12:22:11) [GET]
  [4;35;1mUser Load (0.3ms)[0m   [0mSELECT * FROM `users` [0m
Rendering template within layouts/users
Rendering users/index
Completed in 12ms (View: 10, DB: 6) | 200 OK [http://www.example.com/users]
  [4;36;1mSQL (0.7ms)[0m   [0;1mROLLBACK[0m
  [4;36;1mSQL (0.1ms)[0m   [0;1mSET NAMES 'utf8'[0m
  [4;35;1mSQL (0.1ms)[0m   [0mSET SQL_AUTO_IS_NULL=0[0m
  [4;36;1mSQL (0.1ms)[0m   [0;1mBEGIN[0m
  [4;35;1mLocation Columns (1.3ms)[0m   [0mSHOW FIELDS FROM `locations`[0m
  [4;36;1mSQL (0.2ms)[0m   [0;1mSAVEPOINT active_record_1[0m
  [4;35;1mLocation Create (0.6ms)[0m   [0mINSERT INTO `locations` (`name`, `distanceto_zoetemeer`, `created_at`, `updated_at`, `distanceto_denhaag`) VALUES('Arco - Lopikerweg', NULL, '2010-01-11 11:22:41', '2010-01-11 11:22:41', NULL)[0m
  [4;36;1mSQL (0.1ms)[0m   [0;1mRELEASE SAVEPOINT active_record_1[0m
  [4;35;1mSQL (0.1ms)[0m   [0mSAVEPOINT active_record_1[0m
  [4;36;1mLocation Create (0.2ms)[0m   [0;1mINSERT INTO `locations` (`name`, `distanceto_zoetemeer`, `created_at`, `updated_at`, `distanceto_denhaag`) VALUES('Arco - Jan van Aemstelstraat', NULL, '2010-01-11 11:22:41', '2010-01-11 11:22:41', NULL)[0m
  [4;35;1mSQL (0.1ms)[0m   [0mRELEASE SAVEPOINT active_record_1[0m
REQUESTING PAGE: GET /locations with {} and HTTP headers {}


Processing LocationsController#index (for 127.0.0.1 at 2010-01-11 12:22:41) [GET]
  [4;36;1mLocation Load (0.3ms)[0m   [0;1mSELECT * FROM `locations` [0m
Rendering template within layouts/locations
Rendering locations/index
Completed in 13ms (View: 10, DB: 3) | 200 OK [http://www.example.com/locations]
  [4;35;1mSQL (0.8ms)[0m   [0mROLLBACK[0m
  [4;36;1mSQL (0.1ms)[0m   [0;1mBEGIN[0m
  [4;35;1mUser Columns (1.4ms)[0m   [0mSHOW FIELDS FROM `users`[0m
  [4;36;1mSQL (0.1ms)[0m   [0;1mSAVEPOINT active_record_1[0m
  [4;35;1mUser Create (0.2ms)[0m   [0mINSERT INTO `users` (`name`, `created_at`, `updated_at`, `username`, `location_id`) VALUES(' Arco', '2010-01-11 11:22:41', '2010-01-11 11:22:41', NULL, NULL)[0m
  [4;36;1mSQL (0.1ms)[0m   [0;1mRELEASE SAVEPOINT active_record_1[0m
  [4;35;1mSQL (0.1ms)[0m   [0mSAVEPOINT active_record_1[0m
  [4;36;1mUser Create (0.2ms)[0m   [0;1mINSERT INTO `users` (`name`, `created_at`, `updated_at`, `username`, `location_id`) VALUES('Michiel', '2010-01-11 11:22:41', '2010-01-11 11:22:41', NULL, NULL)[0m
  [4;35;1mSQL (0.1ms)[0m   [0mRELEASE SAVEPOINT active_record_1[0m
REQUESTING PAGE: GET /users with {} and HTTP headers {}


Processing UsersController#index (for 127.0.0.1 at 2010-01-11 12:22:41) [GET]
  [4;36;1mUser Load (2.1ms)[0m   [0;1mSELECT * FROM `users` [0m
Rendering template within layouts/users
Rendering users/index
Completed in 11ms (View: 6, DB: 5) | 200 OK [http://www.example.com/users]
  [4;35;1mSQL (0.5ms)[0m   [0mROLLBACK[0m
